{"/Users/ayshiff/Desktop/102/src/apply.js":{"path":"/Users/ayshiff/Desktop/102/src/apply.js","s":{"1":1,"2":1,"3":1},"b":{},"f":{"1":1},"fnMap":{"1":{"name":"apply","line":19,"loc":{"start":{"line":19,"column":31},"end":{"line":19,"column":56}}}},"statementMap":{"1":{"start":{"line":17,"column":0},"end":{"line":17,"column":35}},"2":{"start":{"line":19,"column":0},"end":{"line":21,"column":2}},"3":{"start":{"line":20,"column":4},"end":{"line":20,"column":31}}},"branchMap":{}},"/Users/ayshiff/Desktop/102/src/curry.js":{"path":"/Users/ayshiff/Desktop/102/src/curry.js","s":{"1":1,"2":1,"3":1,"4":5,"5":5,"6":1,"7":9,"8":12,"9":12,"10":8,"11":4},"b":{"1":[5,5],"2":[8,4]},"f":{"1":5,"2":9,"3":12},"fnMap":{"1":{"name":"curry","line":32,"loc":{"start":{"line":32,"column":0},"end":{"line":32,"column":21}}},"2":{"name":"_curry","line":37,"loc":{"start":{"line":37,"column":2},"end":{"line":37,"column":30}}},"3":{"name":"(anonymous_3)","line":39,"loc":{"start":{"line":39,"column":11},"end":{"line":39,"column":22}}}},"statementMap":{"1":{"start":{"line":17,"column":0},"end":{"line":17,"column":23}},"2":{"start":{"line":30,"column":0},"end":{"line":30,"column":42}},"3":{"start":{"line":32,"column":0},"end":{"line":35,"column":3}},"4":{"start":{"line":33,"column":4},"end":{"line":33,"column":31}},"5":{"start":{"line":34,"column":4},"end":{"line":34,"column":33}},"6":{"start":{"line":37,"column":2},"end":{"line":48,"column":3}},"7":{"start":{"line":39,"column":4},"end":{"line":47,"column":6}},"8":{"start":{"line":40,"column":6},"end":{"line":40,"column":65}},"9":{"start":{"line":42,"column":6},"end":{"line":46,"column":7}},"10":{"start":{"line":43,"column":8},"end":{"line":43,"column":52}},"11":{"start":{"line":45,"column":8},"end":{"line":45,"column":39}}},"branchMap":{"1":{"line":33,"type":"binary-expr","locations":[{"start":{"line":33,"column":17},"end":{"line":33,"column":18}},{"start":{"line":33,"column":22},"end":{"line":33,"column":30}}]},"2":{"line":42,"type":"if","locations":[{"start":{"line":42,"column":6},"end":{"line":42,"column":6}},{"start":{"line":42,"column":6},"end":{"line":42,"column":6}}]}}},"/Users/ayshiff/Desktop/102/src/compose.js":{"path":"/Users/ayshiff/Desktop/102/src/compose.js","s":{"1":1,"2":2,"3":2,"4":2},"b":{},"f":{"1":2,"2":2},"fnMap":{"1":{"name":"compose","line":20,"loc":{"start":{"line":20,"column":17},"end":{"line":20,"column":39}}},"2":{"name":"composed","line":21,"loc":{"start":{"line":21,"column":9},"end":{"line":21,"column":29}}}},"statementMap":{"1":{"start":{"line":20,"column":0},"end":{"line":26,"column":1}},"2":{"start":{"line":21,"column":2},"end":{"line":25,"column":3}},"3":{"start":{"line":22,"column":4},"end":{"line":22,"column":57}},"4":{"start":{"line":24,"column":4},"end":{"line":24,"column":38}}},"branchMap":{}},"/Users/ayshiff/Desktop/102/src/divide.js":{"path":"/Users/ayshiff/Desktop/102/src/divide.js","s":{"1":1,"2":1,"3":2},"b":{},"f":{"1":2},"fnMap":{"1":{"name":"divide","line":19,"loc":{"start":{"line":19,"column":32},"end":{"line":19,"column":54}}}},"statementMap":{"1":{"start":{"line":17,"column":0},"end":{"line":17,"column":33}},"2":{"start":{"line":19,"column":0},"end":{"line":19,"column":73}},"3":{"start":{"line":19,"column":56},"end":{"line":19,"column":69}}},"branchMap":{}},"/Users/ayshiff/Desktop/102/src/isEmpty.js":{"path":"/Users/ayshiff/Desktop/102/src/isEmpty.js","s":{"1":1,"2":1,"3":3},"b":{"1":[3,3,2]},"f":{"1":3},"fnMap":{"1":{"name":"isEmpty","line":18,"loc":{"start":{"line":18,"column":0},"end":{"line":18,"column":21}}}},"statementMap":{"1":{"start":{"line":16,"column":0},"end":{"line":16,"column":25}},"2":{"start":{"line":18,"column":0},"end":{"line":20,"column":1}},"3":{"start":{"line":19,"column":4},"end":{"line":19,"column":61}}},"branchMap":{"1":{"line":19,"type":"binary-expr","locations":[{"start":{"line":19,"column":12},"end":{"line":19,"column":22}},{"start":{"line":19,"column":26},"end":{"line":19,"column":38}},{"start":{"line":19,"column":42},"end":{"line":19,"column":59}}]}}},"/Users/ayshiff/Desktop/102/src/isInteger.js":{"path":"/Users/ayshiff/Desktop/102/src/isInteger.js","s":{"1":1,"2":1,"3":3},"b":{"1":[1,2],"2":[3,1,1]},"f":{"1":3},"fnMap":{"1":{"name":"isInteger","line":17,"loc":{"start":{"line":17,"column":0},"end":{"line":17,"column":23}}}},"statementMap":{"1":{"start":{"line":15,"column":0},"end":{"line":15,"column":27}},"2":{"start":{"line":17,"column":0},"end":{"line":19,"column":1}},"3":{"start":{"line":18,"column":4},"end":{"line":18,"column":81}}},"branchMap":{"1":{"line":18,"type":"cond-expr","locations":[{"start":{"line":18,"column":69},"end":{"line":18,"column":73}},{"start":{"line":18,"column":75},"end":{"line":18,"column":80}}]},"2":{"line":18,"type":"binary-expr","locations":[{"start":{"line":18,"column":11},"end":{"line":18,"column":33}},{"start":{"line":18,"column":37},"end":{"line":18,"column":50}},{"start":{"line":18,"column":54},"end":{"line":18,"column":67}}]}}},"/Users/ayshiff/Desktop/102/src/isNumber.js":{"path":"/Users/ayshiff/Desktop/102/src/isNumber.js","s":{"1":1,"2":1,"3":3},"b":{"1":[1,2],"2":[3,1]},"f":{"1":3},"fnMap":{"1":{"name":"isNumber","line":18,"loc":{"start":{"line":18,"column":0},"end":{"line":18,"column":22}}}},"statementMap":{"1":{"start":{"line":16,"column":0},"end":{"line":16,"column":26}},"2":{"start":{"line":18,"column":0},"end":{"line":20,"column":1}},"3":{"start":{"line":19,"column":4},"end":{"line":19,"column":66}}},"branchMap":{"1":{"line":19,"type":"cond-expr","locations":[{"start":{"line":19,"column":54},"end":{"line":19,"column":58}},{"start":{"line":19,"column":60},"end":{"line":19,"column":65}}]},"2":{"line":19,"type":"binary-expr","locations":[{"start":{"line":19,"column":11},"end":{"line":19,"column":35}},{"start":{"line":19,"column":39},"end":{"line":19,"column":52}}]}}},"/Users/ayshiff/Desktop/102/src/map.js":{"path":"/Users/ayshiff/Desktop/102/src/map.js","s":{"1":1,"2":1,"3":1,"4":0,"5":0},"b":{},"f":{"1":0},"fnMap":{"1":{"name":"map","line":24,"loc":{"start":{"line":24,"column":0},"end":{"line":24,"column":23}}}},"statementMap":{"1":{"start":{"line":19,"column":0},"end":{"line":19,"column":21}},"2":{"start":{"line":20,"column":0},"end":{"line":20,"column":35}},"3":{"start":{"line":24,"column":0},"end":{"line":26,"column":3}},"4":{"start":{"line":25,"column":2},"end":{"line":25,"column":36}},"5":{"start":{"line":25,"column":30},"end":{"line":25,"column":34}}},"branchMap":{}},"/Users/ayshiff/Desktop/102/src/mapFunctor.js":{"path":"/Users/ayshiff/Desktop/102/src/mapFunctor.js","s":{"1":1,"2":1,"3":0},"b":{},"f":{"1":0},"fnMap":{"1":{"name":"(anonymous_1)","line":13,"loc":{"start":{"line":13,"column":30},"end":{"line":13,"column":42}}}},"statementMap":{"1":{"start":{"line":11,"column":0},"end":{"line":11,"column":47}},"2":{"start":{"line":13,"column":0},"end":{"line":15,"column":1}},"3":{"start":{"line":14,"column":4},"end":{"line":14,"column":39}}},"branchMap":{}},"/Users/ayshiff/Desktop/102/src/newContainer.js":{"path":"/Users/ayshiff/Desktop/102/src/newContainer.js","s":{"1":1,"2":1,"3":3,"4":3,"5":3,"6":1,"7":1},"b":{},"f":{"1":3,"2":3},"fnMap":{"1":{"name":"newContainer","line":17,"loc":{"start":{"line":17,"column":0},"end":{"line":17,"column":26}}},"2":{"name":"(anonymous_2)","line":18,"loc":{"start":{"line":18,"column":20},"end":{"line":18,"column":32}}}},"statementMap":{"1":{"start":{"line":15,"column":0},"end":{"line":15,"column":30}},"2":{"start":{"line":17,"column":0},"end":{"line":22,"column":1}},"3":{"start":{"line":18,"column":3},"end":{"line":20,"column":5}},"4":{"start":{"line":19,"column":8},"end":{"line":19,"column":23}},"5":{"start":{"line":21,"column":4},"end":{"line":21,"column":29}},"6":{"start":{"line":23,"column":0},"end":{"line":23,"column":36}},"7":{"start":{"line":24,"column":0},"end":{"line":24,"column":19}}},"branchMap":{}},"/Users/ayshiff/Desktop/102/src/multiply.js":{"path":"/Users/ayshiff/Desktop/102/src/multiply.js","s":{"1":1,"2":1,"3":2},"b":{},"f":{"1":2},"fnMap":{"1":{"name":"multiply","line":19,"loc":{"start":{"line":19,"column":34},"end":{"line":19,"column":58}}}},"statementMap":{"1":{"start":{"line":17,"column":0},"end":{"line":17,"column":33}},"2":{"start":{"line":19,"column":0},"end":{"line":19,"column":77}},"3":{"start":{"line":19,"column":60},"end":{"line":19,"column":73}}},"branchMap":{}}}