TN:
SF:/Users/ayshiff/Desktop/102/src/apply.js
FN:19,apply
FNF:1
FNH:1
FNDA:1,apply
DA:17,1
DA:19,1
DA:20,1
LF:3
LH:3
BRF:0
BRH:0
end_of_record
TN:
SF:/Users/ayshiff/Desktop/102/src/curry.js
FN:32,curry
FN:37,_curry
FN:39,(anonymous_3)
FNF:3
FNH:3
FNDA:5,curry
FNDA:9,_curry
FNDA:12,(anonymous_3)
DA:17,1
DA:30,1
DA:32,1
DA:33,5
DA:34,5
DA:37,1
DA:39,9
DA:40,12
DA:42,12
DA:43,8
DA:45,4
LF:11
LH:11
BRDA:33,1,0,5
BRDA:33,1,1,5
BRDA:42,2,0,8
BRDA:42,2,1,4
BRF:4
BRH:4
end_of_record
TN:
SF:/Users/ayshiff/Desktop/102/src/compose.js
FN:20,compose
FN:21,composed
FNF:2
FNH:2
FNDA:2,compose
FNDA:2,composed
DA:20,1
DA:21,2
DA:22,2
DA:24,2
LF:4
LH:4
BRF:0
BRH:0
end_of_record
TN:
SF:/Users/ayshiff/Desktop/102/src/divide.js
FN:19,divide
FNF:1
FNH:1
FNDA:2,divide
DA:17,1
DA:19,2
LF:2
LH:2
BRF:0
BRH:0
end_of_record
TN:
SF:/Users/ayshiff/Desktop/102/src/isEmpty.js
FN:18,isEmpty
FNF:1
FNH:1
FNDA:3,isEmpty
DA:16,1
DA:18,1
DA:19,3
LF:3
LH:3
BRDA:19,1,0,3
BRDA:19,1,1,3
BRDA:19,1,2,2
BRF:3
BRH:3
end_of_record
TN:
SF:/Users/ayshiff/Desktop/102/src/isInteger.js
FN:17,isInteger
FNF:1
FNH:1
FNDA:3,isInteger
DA:15,1
DA:17,1
DA:18,3
LF:3
LH:3
BRDA:18,1,0,1
BRDA:18,1,1,2
BRDA:18,2,0,3
BRDA:18,2,1,1
BRDA:18,2,2,1
BRF:5
BRH:5
end_of_record
TN:
SF:/Users/ayshiff/Desktop/102/src/isNumber.js
FN:18,isNumber
FNF:1
FNH:1
FNDA:3,isNumber
DA:16,1
DA:18,1
DA:19,3
LF:3
LH:3
BRDA:19,1,0,1
BRDA:19,1,1,2
BRDA:19,2,0,3
BRDA:19,2,1,1
BRF:4
BRH:4
end_of_record
TN:
SF:/Users/ayshiff/Desktop/102/src/map.js
FN:24,map
FNF:1
FNH:0
FNDA:0,map
DA:19,1
DA:20,1
DA:24,1
DA:25,0
LF:4
LH:3
BRF:0
BRH:0
end_of_record
TN:
SF:/Users/ayshiff/Desktop/102/src/mapFunctor.js
FN:13,(anonymous_1)
FNF:1
FNH:0
FNDA:0,(anonymous_1)
DA:11,1
DA:13,1
DA:14,0
LF:3
LH:2
BRF:0
BRH:0
end_of_record
TN:
SF:/Users/ayshiff/Desktop/102/src/newContainer.js
FN:17,newContainer
FN:18,(anonymous_2)
FNF:2
FNH:2
FNDA:3,newContainer
FNDA:3,(anonymous_2)
DA:15,1
DA:17,1
DA:18,3
DA:19,3
DA:21,3
DA:23,1
DA:24,1
LF:7
LH:7
BRF:0
BRH:0
end_of_record
TN:
SF:/Users/ayshiff/Desktop/102/src/multiply.js
FN:19,multiply
FNF:1
FNH:1
FNDA:2,multiply
DA:17,1
DA:19,2
LF:2
LH:2
BRF:0
BRH:0
end_of_record
